2026-04-12 19:25:45,431 [INFO] src.database — Database initialised at data/portfolio.db
2026-04-12 19:25:45,432 [INFO] src.database — Database ready
2026-04-12 19:25:48,220 [INFO] src.fx_engine — ECB FX rates updated: {'EUR': 1.0, 'USD': 1.1711, 'JPY': 186.43, 'CZK': 24.365, 'DKK': 7.4727, 'GBP': 0.87105, 'HUF': 377.2, 'PLN': 4.2435, 'RON': 5.0915, 'SEK': 10.836, 'CHF': 0.9241, 'ISK': 143.29, 'NOK': 11.1165, 'TRY': 52.3147, 'AUD': 1.6561, 'BRL': 5.9191, 'CAD': 1.6187, 'CNY': 7.9967, 'HKD': 9.1729, 'IDR': 20020.25, 'ILS': 3.5709, 'INR': 108.7795, 'KRW': 1737.06, 'MXN': 20.3184, 'MYR': 4.6434, 'NZD': 2.0034, 'PHP': 70.088, 'SGD': 1.4919, 'THB': 37.592, 'ZAR': 19.2389}
2026-04-12 19:25:48,223 [INFO] src.fx_engine — FX background refresh started (interval=14400s)
2026-04-12 19:25:57,212 [INFO] src.price_engine — PriceEngine: starting refresh
2026-04-12 19:25:58,464 [ERROR] yfinance — $SETM.L: possibly delisted; no price data found  (period=2mo)
2026-04-12 19:25:59,576 [ERROR] yfinance — HTTP Error 404: {"quoteSummary":{"result":null,"error":{"code":"Not Found","description":"Quote not found for symbol: BTEC.AS"}}}
2026-04-12 19:26:00,231 [ERROR] yfinance — $BTEC.AS: possibly delisted; no price data found  (period=2mo) (Yahoo error = "No data found, symbol may be delisted")
2026-04-12 19:26:00,236 [ERROR] yfinance — 
2 Failed downloads:
2026-04-12 19:26:00,237 [ERROR] yfinance — ['SETM.L']: possibly delisted; no price data found  (period=2mo)
2026-04-12 19:26:00,237 [ERROR] yfinance — ['BTEC.AS']: possibly delisted; no price data found  (period=2mo) (Yahoo error = "No data found, symbol may be delisted")
2026-04-12 19:26:00,259 [WARNING] src.price_engine — No price data for SPOG.L
2026-04-12 19:26:00,260 [WARNING] src.price_engine — No price data for EQNR
2026-04-12 19:26:00,261 [WARNING] src.price_engine — No price data for XOM
2026-04-12 19:26:00,261 [WARNING] src.price_engine — No price data for DFNS.L
2026-04-12 19:26:00,262 [WARNING] src.price_engine — No price data for NATO.L
2026-04-12 19:26:00,263 [WARNING] src.price_engine — No price data for RHM.DE
2026-04-12 19:26:00,263 [WARNING] src.price_engine — No price data for BA.L
2026-04-12 19:26:00,264 [WARNING] src.price_engine — No price data for SETM.L
2026-04-12 19:26:00,264 [WARNING] src.price_engine — No price data for VVMX.DE
2026-04-12 19:26:00,265 [WARNING] src.price_engine — No price data for FCX
2026-04-12 19:26:00,266 [WARNING] src.price_engine — No price data for IGLN.L
2026-04-12 19:26:00,266 [WARNING] src.price_engine — No price data for GDX
2026-04-12 19:26:00,267 [WARNING] src.price_engine — No price data for BTEC.AS
2026-04-12 19:26:00,267 [WARNING] src.price_engine — No price data for VRTX
2026-04-12 19:26:00,267 [INFO] src.price_engine — PriceEngine refresh complete — portfolio value: €0.00
2026-04-12 19:26:00,268 [INFO] src.price_engine — PriceEngine background refresh started
2026-04-12 19:26:00,269 [INFO] src.geo_scorer — GeoScorer: starting refresh
2026-04-12 19:26:05,254 [INFO] src.geo_scorer — GeoScorer refresh complete — 54 new articles processed
2026-04-12 19:26:05,255 [INFO] src.geo_scorer — GeoScorer background refresh started
2026-04-12 19:26:05,256 [INFO] src.signal_engine — SignalEngine: computing signals
2026-04-12 19:26:05,270 [INFO] src.signal_engine — SignalEngine background refresh started
2026-04-12 19:26:05,271 [INFO] src.alert_manager — AlertManager background checks started
2026-04-12 19:26:35,278 [INFO] alerts — [MEDIUM] MULTI_SECTOR_NEWS |  | Article matches 3 sectors: ENERGY, DEFENSE, METALS | Oil Price Shock Drives 140% Surge in China's EV Exports to Record High
2026-04-12 19:26:35,278 [INFO] src.alert_manager — Alert emitted: [MEDIUM] MULTI_SECTOR_NEWS |  | Article matches 3 sectors: ENERGY, DEFENSE, METALS | Oil Price Shock Drives 140% Surge in China's EV Exports to Record High
2026-04-12 19:26:35,280 [INFO] alerts — [MEDIUM] MULTI_SECTOR_NEWS |  | Article matches 3 sectors: ENERGY, DEFENSE, GOLD | IMF Warns Iran War Will Leave Lasting Scars on Global Economy
2026-04-12 19:26:35,281 [INFO] src.alert_manager — Alert emitted: [MEDIUM] MULTI_SECTOR_NEWS |  | Article matches 3 sectors: ENERGY, DEFENSE, GOLD | IMF Warns Iran War Will Leave Lasting Scars on Global Economy
2026-04-12 19:31:00,269 [INFO] src.price_engine — PriceEngine: starting refresh
2026-04-12 19:31:01,217 [ERROR] yfinance — HTTP Error 404: {"quoteSummary":{"result":null,"error":{"code":"Not Found","description":"Quote not found for symbol: BTEC.AS"}}}
2026-04-12 19:31:01,667 [ERROR] yfinance — $BTEC.AS: possibly delisted; no price data found  (period=2mo) (Yahoo error = "No data found, symbol may be delisted")
2026-04-12 19:31:02,341 [ERROR] yfinance — $SETM.L: possibly delisted; no price data found  (period=2mo)
2026-04-12 19:31:02,343 [ERROR] yfinance — 
2 Failed downloads:
2026-04-12 19:31:02,343 [ERROR] yfinance — ['BTEC.AS']: possibly delisted; no price data found  (period=2mo) (Yahoo error = "No data found, symbol may be delisted")
2026-04-12 19:31:02,344 [ERROR] yfinance — ['SETM.L']: possibly delisted; no price data found  (period=2mo)
2026-04-12 19:31:02,361 [WARNING] src.price_engine — No price data for SPOG.L
2026-04-12 19:31:02,362 [WARNING] src.price_engine — No price data for EQNR
2026-04-12 19:31:02,363 [WARNING] src.price_engine — No price data for XOM
2026-04-12 19:31:02,364 [WARNING] src.price_engine — No price data for DFNS.L
2026-04-12 19:31:02,365 [WARNING] src.price_engine — No price data for NATO.L
2026-04-12 19:31:02,366 [WARNING] src.price_engine — No price data for RHM.DE
2026-04-12 19:31:02,366 [WARNING] src.price_engine — No price data for BA.L
2026-04-12 19:31:02,367 [WARNING] src.price_engine — No price data for SETM.L
2026-04-12 19:31:02,368 [WARNING] src.price_engine — No price data for VVMX.DE
2026-04-12 19:31:02,368 [WARNING] src.price_engine — No price data for FCX
2026-04-12 19:31:02,369 [WARNING] src.price_engine — No price data for IGLN.L
2026-04-12 19:31:02,370 [WARNING] src.price_engine — No price data for GDX
2026-04-12 19:31:02,370 [WARNING] src.price_engine — No price data for BTEC.AS
2026-04-12 19:31:02,371 [WARNING] src.price_engine — No price data for VRTX
2026-04-12 19:31:02,371 [INFO] src.price_engine — PriceEngine refresh complete — portfolio value: €0.00
2026-04-12 19:31:35,286 [INFO] alerts — [MEDIUM] MULTI_SECTOR_NEWS |  | Article matches 3 sectors: ENERGY, DEFENSE, METALS | Oil Price Shock Drives 140% Surge in China's EV Exports to Record High
2026-04-12 19:31:35,287 [INFO] src.alert_manager — Alert emitted: [MEDIUM] MULTI_SECTOR_NEWS |  | Article matches 3 sectors: ENERGY, DEFENSE, METALS | Oil Price Shock Drives 140% Surge in China's EV Exports to Record High
2026-04-12 19:31:35,290 [INFO] alerts — [MEDIUM] MULTI_SECTOR_NEWS |  | Article matches 3 sectors: ENERGY, DEFENSE, GOLD | IMF Warns Iran War Will Leave Lasting Scars on Global Economy
2026-04-12 19:31:35,291 [INFO] src.alert_manager — Alert emitted: [MEDIUM] MULTI_SECTOR_NEWS |  | Article matches 3 sectors: ENERGY, DEFENSE, GOLD | IMF Warns Iran War Will Leave Lasting Scars on Global Economy
2026-04-12 19:36:02,372 [INFO] src.price_engine — PriceEngine: starting refresh
2026-04-12 19:36:02,527 [ERROR] yfinance — $SETM.L: possibly delisted; no price data found  (period=2mo)
2026-04-12 19:36:03,140 [ERROR] yfinance — $BTEC.AS: possibly delisted; no price data found  (period=2mo) (Yahoo error = "No data found, symbol may be delisted")
2026-04-12 19:36:03,140 [ERROR] yfinance — 
2 Failed downloads:
2026-04-12 19:36:03,142 [ERROR] yfinance — ['SETM.L']: possibly delisted; no price data found  (period=2mo)
2026-04-12 19:36:03,142 [ERROR] yfinance — ['BTEC.AS']: possibly delisted; no price data found  (period=2mo) (Yahoo error = "No data found, symbol may be delisted")
2026-04-12 19:36:03,166 [WARNING] src.price_engine — No price data for SPOG.L
2026-04-12 19:36:03,167 [WARNING] src.price_engine — No price data for EQNR
2026-04-12 19:36:03,170 [WARNING] src.price_engine — No price data for XOM
2026-04-12 19:36:03,172 [WARNING] src.price_engine — No price data for DFNS.L
2026-04-12 19:36:03,173 [WARNING] src.price_engine — No price data for NATO.L
2026-04-12 19:36:03,174 [WARNING] src.price_engine — No price data for RHM.DE
2026-04-12 19:36:03,175 [WARNING] src.price_engine — No price data for BA.L
2026-04-12 19:36:03,176 [WARNING] src.price_engine — No price data for SETM.L
2026-04-12 19:36:03,177 [WARNING] src.price_engine — No price data for VVMX.DE
2026-04-12 19:36:03,178 [WARNING] src.price_engine — No price data for FCX
2026-04-12 19:36:03,179 [WARNING] src.price_engine — No price data for IGLN.L
2026-04-12 19:36:03,180 [WARNING] src.price_engine — No price data for GDX
2026-04-12 19:36:03,181 [WARNING] src.price_engine — No price data for BTEC.AS
2026-04-12 19:36:03,182 [WARNING] src.price_engine — No price data for VRTX
2026-04-12 19:36:03,183 [INFO] src.price_engine — PriceEngine refresh complete — portfolio value: €0.00
2026-04-12 19:36:35,295 [INFO] alerts — [MEDIUM] MULTI_SECTOR_NEWS |  | Article matches 3 sectors: ENERGY, DEFENSE, METALS | Oil Price Shock Drives 140% Surge in China's EV Exports to Record High
2026-04-12 19:36:35,295 [INFO] src.alert_manager — Alert emitted: [MEDIUM] MULTI_SECTOR_NEWS |  | Article matches 3 sectors: ENERGY, DEFENSE, METALS | Oil Price Shock Drives 140% Surge in China's EV Exports to Record High
2026-04-12 19:36:35,297 [INFO] alerts — [MEDIUM] MULTI_SECTOR_NEWS |  | Article matches 3 sectors: ENERGY, DEFENSE, GOLD | IMF Warns Iran War Will Leave Lasting Scars on Global Economy
2026-04-12 19:36:35,297 [INFO] src.alert_manager — Alert emitted: [MEDIUM] MULTI_SECTOR_NEWS |  | Article matches 3 sectors: ENERGY, DEFENSE, GOLD | IMF Warns Iran War Will Leave Lasting Scars on Global Economy
2026-04-12 19:43:00,572 [INFO] src.database — Database initialised at data/portfolio.db
2026-04-12 19:43:00,572 [INFO] src.database — Database ready
2026-04-12 19:43:01,566 [INFO] src.fx_engine — ECB FX rates updated: {'EUR': 1.0, 'USD': 1.1711, 'JPY': 186.43, 'CZK': 24.365, 'DKK': 7.4727, 'GBP': 0.87105, 'HUF': 377.2, 'PLN': 4.2435, 'RON': 5.0915, 'SEK': 10.836, 'CHF': 0.9241, 'ISK': 143.29, 'NOK': 11.1165, 'TRY': 52.3147, 'AUD': 1.6561, 'BRL': 5.9191, 'CAD': 1.6187, 'CNY': 7.9967, 'HKD': 9.1729, 'IDR': 20020.25, 'ILS': 3.5709, 'INR': 108.7795, 'KRW': 1737.06, 'MXN': 20.3184, 'MYR': 4.6434, 'NZD': 2.0034, 'PHP': 70.088, 'SGD': 1.4919, 'THB': 37.592, 'ZAR': 19.2389}
2026-04-12 19:43:01,569 [INFO] src.fx_engine — FX background refresh started (interval=14400s)
2026-04-12 19:43:02,827 [INFO] src.price_engine — PriceEngine: starting refresh
2026-04-12 19:43:04,081 [INFO] src.price_engine — PriceEngine refresh complete — portfolio value: €100000.00
2026-04-12 19:43:04,082 [INFO] src.price_engine — PriceEngine background refresh started
2026-04-12 19:43:04,082 [INFO] src.geo_scorer — GeoScorer: starting refresh
2026-04-12 19:43:08,730 [INFO] src.geo_scorer — GeoScorer refresh complete — 0 new articles processed
2026-04-12 19:43:08,731 [INFO] src.geo_scorer — GeoScorer background refresh started
2026-04-12 19:43:08,732 [INFO] src.signal_engine — SignalEngine: computing signals
2026-04-12 19:43:08,754 [INFO] src.signal_engine — SignalEngine background refresh started
2026-04-12 19:43:08,755 [INFO] src.alert_manager — AlertManager background checks started
2026-04-12 19:43:38,759 [INFO] alerts — [MEDIUM] PRICE_MOVE | RHM.DE | RHM.DE moved -5.57% today
2026-04-12 19:43:38,760 [INFO] src.alert_manager — Alert emitted: [MEDIUM] PRICE_MOVE | RHM.DE | RHM.DE moved -5.57% today
2026-04-12 19:43:38,762 [INFO] alerts — [MEDIUM] MULTI_SECTOR_NEWS |  | Article matches 3 sectors: ENERGY, DEFENSE, METALS | Oil Price Shock Drives 140% Surge in China's EV Exports to Record High
2026-04-12 19:43:38,763 [INFO] src.alert_manager — Alert emitted: [MEDIUM] MULTI_SECTOR_NEWS |  | Article matches 3 sectors: ENERGY, DEFENSE, METALS | Oil Price Shock Drives 140% Surge in China's EV Exports to Record High
2026-04-12 19:43:38,765 [INFO] alerts — [MEDIUM] MULTI_SECTOR_NEWS |  | Article matches 3 sectors: ENERGY, DEFENSE, GOLD | IMF Warns Iran War Will Leave Lasting Scars on Global Economy
2026-04-12 19:43:38,766 [INFO] src.alert_manager — Alert emitted: [MEDIUM] MULTI_SECTOR_NEWS |  | Article matches 3 sectors: ENERGY, DEFENSE, GOLD | IMF Warns Iran War Will Leave Lasting Scars on Global Economy
2026-04-12 19:48:04,083 [INFO] src.price_engine — PriceEngine: starting refresh
2026-04-12 19:48:05,007 [INFO] src.price_engine — PriceEngine refresh complete — portfolio value: €100000.00
2026-04-12 19:48:38,771 [INFO] alerts — [MEDIUM] PRICE_MOVE | RHM.DE | RHM.DE moved -5.57% today
2026-04-12 19:48:38,771 [INFO] src.alert_manager — Alert emitted: [MEDIUM] PRICE_MOVE | RHM.DE | RHM.DE moved -5.57% today
2026-04-12 19:48:38,773 [INFO] alerts — [MEDIUM] MULTI_SECTOR_NEWS |  | Article matches 3 sectors: ENERGY, DEFENSE, METALS | Oil Price Shock Drives 140% Surge in China's EV Exports to Record High
2026-04-12 19:48:38,773 [INFO] src.alert_manager — Alert emitted: [MEDIUM] MULTI_SECTOR_NEWS |  | Article matches 3 sectors: ENERGY, DEFENSE, METALS | Oil Price Shock Drives 140% Surge in China's EV Exports to Record High
2026-04-12 19:48:38,775 [INFO] alerts — [MEDIUM] MULTI_SECTOR_NEWS |  | Article matches 3 sectors: ENERGY, DEFENSE, GOLD | IMF Warns Iran War Will Leave Lasting Scars on Global Economy
2026-04-12 19:48:38,775 [INFO] src.alert_manager — Alert emitted: [MEDIUM] MULTI_SECTOR_NEWS |  | Article matches 3 sectors: ENERGY, DEFENSE, GOLD | IMF Warns Iran War Will Leave Lasting Scars on Global Economy
2026-04-12 19:53:05,009 [INFO] src.price_engine — PriceEngine: starting refresh
2026-04-12 19:53:05,935 [INFO] src.price_engine — PriceEngine refresh complete — portfolio value: €100000.00
2026-04-12 19:53:38,782 [INFO] alerts — [MEDIUM] PRICE_MOVE | RHM.DE | RHM.DE moved -5.57% today
2026-04-12 19:53:38,782 [INFO] src.alert_manager — Alert emitted: [MEDIUM] PRICE_MOVE | RHM.DE | RHM.DE moved -5.57% today
2026-04-12 19:53:38,785 [INFO] alerts — [MEDIUM] MULTI_SECTOR_NEWS |  | Article matches 3 sectors: ENERGY, DEFENSE, METALS | Oil Price Shock Drives 140% Surge in China's EV Exports to Record High
2026-04-12 19:53:38,785 [INFO] src.alert_manager — Alert emitted: [MEDIUM] MULTI_SECTOR_NEWS |  | Article matches 3 sectors: ENERGY, DEFENSE, METALS | Oil Price Shock Drives 140% Surge in China's EV Exports to Record High
2026-04-12 19:53:38,787 [INFO] alerts — [MEDIUM] MULTI_SECTOR_NEWS |  | Article matches 3 sectors: ENERGY, DEFENSE, GOLD | IMF Warns Iran War Will Leave Lasting Scars on Global Economy
2026-04-12 19:53:38,787 [INFO] src.alert_manager — Alert emitted: [MEDIUM] MULTI_SECTOR_NEWS |  | Article matches 3 sectors: ENERGY, DEFENSE, GOLD | IMF Warns Iran War Will Leave Lasting Scars on Global Economy
2026-04-12 19:58:05,936 [INFO] src.price_engine — PriceEngine: starting refresh
2026-04-12 19:58:06,806 [INFO] src.price_engine — PriceEngine refresh complete — portfolio value: €100000.00
2026-04-12 19:58:08,732 [INFO] src.geo_scorer — GeoScorer: starting refresh
2026-04-12 19:58:08,762 [INFO] src.signal_engine — SignalEngine: computing signals
2026-04-12 19:58:13,321 [INFO] src.geo_scorer — GeoScorer refresh complete — 0 new articles processed
2026-04-12 19:58:38,795 [INFO] alerts — [MEDIUM] PRICE_MOVE | RHM.DE | RHM.DE moved -5.57% today
2026-04-12 19:58:38,796 [INFO] src.alert_manager — Alert emitted: [MEDIUM] PRICE_MOVE | RHM.DE | RHM.DE moved -5.57% today
2026-04-12 19:58:38,799 [INFO] alerts — [MEDIUM] MULTI_SECTOR_NEWS |  | Article matches 3 sectors: ENERGY, DEFENSE, METALS | Oil Price Shock Drives 140% Surge in China's EV Exports to Record High
2026-04-12 19:58:38,799 [INFO] src.alert_manager — Alert emitted: [MEDIUM] MULTI_SECTOR_NEWS |  | Article matches 3 sectors: ENERGY, DEFENSE, METALS | Oil Price Shock Drives 140% Surge in China's EV Exports to Record High
2026-04-12 19:58:38,802 [INFO] alerts — [MEDIUM] MULTI_SECTOR_NEWS |  | Article matches 3 sectors: ENERGY, DEFENSE, GOLD | IMF Warns Iran War Will Leave Lasting Scars on Global Economy
2026-04-12 19:58:38,803 [INFO] src.alert_manager — Alert emitted: [MEDIUM] MULTI_SECTOR_NEWS |  | Article matches 3 sectors: ENERGY, DEFENSE, GOLD | IMF Warns Iran War Will Leave Lasting Scars on Global Economy
2026-04-12 20:03:06,807 [INFO] src.price_engine — PriceEngine: starting refresh
2026-04-12 20:03:07,693 [INFO] src.price_engine — PriceEngine refresh complete — portfolio value: €100000.00
2026-04-12 20:03:38,809 [INFO] alerts — [MEDIUM] PRICE_MOVE | RHM.DE | RHM.DE moved -5.57% today
2026-04-12 20:03:38,810 [INFO] src.alert_manager — Alert emitted: [MEDIUM] PRICE_MOVE | RHM.DE | RHM.DE moved -5.57% today
2026-04-12 20:03:38,811 [INFO] alerts — [MEDIUM] MULTI_SECTOR_NEWS |  | Article matches 3 sectors: ENERGY, DEFENSE, METALS | Oil Price Shock Drives 140% Surge in China's EV Exports to Record High
2026-04-12 20:03:38,812 [INFO] src.alert_manager — Alert emitted: [MEDIUM] MULTI_SECTOR_NEWS |  | Article matches 3 sectors: ENERGY, DEFENSE, METALS | Oil Price Shock Drives 140% Surge in China's EV Exports to Record High
2026-04-12 20:03:38,814 [INFO] alerts — [MEDIUM] MULTI_SECTOR_NEWS |  | Article matches 3 sectors: ENERGY, DEFENSE, GOLD | IMF Warns Iran War Will Leave Lasting Scars on Global Economy
2026-04-12 20:03:38,814 [INFO] src.alert_manager — Alert emitted: [MEDIUM] MULTI_SECTOR_NEWS |  | Article matches 3 sectors: ENERGY, DEFENSE, GOLD | IMF Warns Iran War Will Leave Lasting Scars on Global Economy
2026-04-12 20:38:16,913 [INFO] src.price_engine — PriceEngine: starting refresh
2026-04-12 20:38:25,993 [INFO] src.price_engine — PriceEngine refresh complete — portfolio value: €100000.00
2026-04-12 20:38:48,036 [INFO] alerts — [MEDIUM] PRICE_MOVE | RHM.DE | RHM.DE moved -5.57% today
2026-04-12 20:38:48,037 [INFO] src.alert_manager — Alert emitted: [MEDIUM] PRICE_MOVE | RHM.DE | RHM.DE moved -5.57% today
2026-04-12 20:38:48,039 [INFO] alerts — [MEDIUM] MULTI_SECTOR_NEWS |  | Article matches 3 sectors: ENERGY, DEFENSE, METALS | Oil Price Shock Drives 140% Surge in China's EV Exports to Record High
2026-04-12 20:38:48,039 [INFO] src.alert_manager — Alert emitted: [MEDIUM] MULTI_SECTOR_NEWS |  | Article matches 3 sectors: ENERGY, DEFENSE, METALS | Oil Price Shock Drives 140% Surge in China's EV Exports to Record High
2026-04-12 20:38:48,041 [INFO] alerts — [MEDIUM] MULTI_SECTOR_NEWS |  | Article matches 3 sectors: ENERGY, DEFENSE, GOLD | IMF Warns Iran War Will Leave Lasting Scars on Global Economy
2026-04-12 20:38:48,041 [INFO] src.alert_manager — Alert emitted: [MEDIUM] MULTI_SECTOR_NEWS |  | Article matches 3 sectors: ENERGY, DEFENSE, GOLD | IMF Warns Iran War Will Leave Lasting Scars on Global Economy
